# JRE version: Java(TM) SE Runtime Environment (17.0.11+7) (build 17.0.11+7-LTS-207)
# Java VM: Java HotSpot(TM) 64-Bit Server VM (17.0.11+7-LTS-207, mixed mode, sharing, tiered, compressed oops, compressed class ptrs, parallel gc, windows-amd64)
GC Precious Log:
 CPUs: 8 total, 8 available
 Memory: 7785M
 Large Page Support: Disabled
 NUMA Support: Disabled
 Compressed Oops: Enabled (Zero based)
 Alignments: Space 512K, Generation 512K, Heap 2M
 Heap Min Capacity: 256M
 Heap Initial Capacity: 256M
 Heap Max Capacity: 6G
 Pre-touch: Disabled
 Parallel Workers: 8
Heap:
 PSYoungGen      total 1826816K, used 1545385K [0x0000000780000000, 0x0000000800000000, 0x0000000800000000)
  eden space 1556480K, 99% used [0x0000000780000000,0x00000007de52a5a0,0x00000007df000000)
  from space 270336K, 0% used [0x00000007df000000,0x00000007df000000,0x00000007ef800000)
  to   space 270336K, 0% used [0x00000007ef800000,0x00000007ef800000,0x0000000800000000)
 ParOldGen       total 3200000K, used 2566486K [0x0000000680000000, 0x0000000743500000, 0x0000000780000000)
  object space 3200000K, 80% used [0x0000000680000000,0x000000071ca55a48,0x0000000743500000)
 Metaspace       used 378868K, committed 381120K, reserved 819200K
  class space    used 46080K, committed 47168K, reserved 425984K
GC Heap History (20 events):
Event: 3836.743 GC heap before
{Heap before GC invocations=205 (full 16):
 PSYoungGen      total 1926144K, used 1806557K [0x0000000780000000, 0x00000007ff480000, 0x0000000800000000)
  eden space 1780224K, 100% used [0x0000000780000000,0x00000007eca80000,0x00000007eca80000)
  from space 145920K, 18% used [0x00000007eca80000,0x00000007ee437430,0x00000007f5900000)
  to   space 135680K, 0% used [0x00000007f7000000,0x00000007f7000000,0x00000007ff480000)
 ParOldGen       total 2827776K, used 2661126K [0x0000000680000000, 0x000000072c980000, 0x0000000780000000)
  object space 2827776K, 94% used [0x0000000680000000,0x00000007226c1a98,0x000000072c980000)
 Metaspace       used 377876K, committed 380160K, reserved 819200K
  class space    used 46010K, committed 47104K, reserved 425984K
}
Event: 3836.828 GC heap after
{Heap after GC invocations=205 (full 16):
 PSYoungGen      total 1934336K, used 35434K [0x0000000780000000, 0x00000007fe400000, 0x0000000800000000)
  eden space 1815552K, 0% used [0x0000000780000000,0x0000000780000000,0x00000007eed00000)
  from space 118784K, 29% used [0x00000007f7000000,0x00000007f929aa88,0x00000007fe400000)
  to   space 126464K, 0% used [0x00000007eed00000,0x00000007eed00000,0x00000007f6880000)
 ParOldGen       total 2827776K, used 2661126K [0x0000000680000000, 0x000000072c980000, 0x0000000780000000)
  object space 2827776K, 94% used [0x0000000680000000,0x00000007226c1a98,0x000000072c980000)
 Metaspace       used 377876K, committed 380160K, reserved 819200K
  class space    used 46010K, committed 47104K, reserved 425984K
}
Event: 3839.004 GC heap before
{Heap before GC invocations=206 (full 16):
 PSYoungGen      total 1934336K, used 1850986K [0x0000000780000000, 0x00000007fe400000, 0x0000000800000000)
  eden space 1815552K, 100% used [0x0000000780000000,0x00000007eed00000,0x00000007eed00000)
  from space 118784K, 29% used [0x00000007f7000000,0x00000007f929aa88,0x00000007fe400000)
  to   space 126464K, 0% used [0x00000007eed00000,0x00000007eed00000,0x00000007f6880000)
 ParOldGen       total 2827776K, used 2661126K [0x0000000680000000, 0x000000072c980000, 0x0000000780000000)
  object space 2827776K, 94% used [0x0000000680000000,0x00000007226c1a98,0x000000072c980000)
 Metaspace       used 377889K, committed 380160K, reserved 819200K
  class space    used 46013K, committed 47104K, reserved 425984K
}
Event: 3839.179 GC heap after
{Heap after GC invocations=206 (full 16):
 PSYoungGen      total 1942016K, used 44405K [0x0000000780000000, 0x00000007ffd80000, 0x0000000800000000)
  eden space 1815552K, 0% used [0x0000000780000000,0x0000000780000000,0x00000007eed00000)
  from space 126464K, 35% used [0x00000007eed00000,0x00000007f185d748,0x00000007f6880000)
  to   space 121344K, 0% used [0x00000007f8700000,0x00000007f8700000,0x00000007ffd80000)
 ParOldGen       total 2827776K, used 2661126K [0x0000000680000000, 0x000000072c980000, 0x0000000780000000)
  object space 2827776K, 94% used [0x0000000680000000,0x00000007226c1a98,0x000000072c980000)
 Metaspace       used 377889K, committed 380160K, reserved 819200K
  class space    used 46013K, committed 47104K, reserved 425984K
}
Event: 3841.124 GC heap before
{Heap before GC invocations=207 (full 16):
 PSYoungGen      total 1942016K, used 1859957K [0x0000000780000000, 0x00000007ffd80000, 0x0000000800000000)
  eden space 1815552K, 100% used [0x0000000780000000,0x00000007eed00000,0x00000007eed00000)
  from space 126464K, 35% used [0x00000007eed00000,0x00000007f185d748,0x00000007f6880000)
  to   space 121344K, 0% used [0x00000007f8700000,0x00000007f8700000,0x00000007ffd80000)
 ParOldGen       total 2827776K, used 2661126K [0x0000000680000000, 0x000000072c980000, 0x0000000780000000)
  object space 2827776K, 94% used [0x0000000680000000,0x00000007226c1a98,0x000000072c980000)
 Metaspace       used 377900K, committed 380224K, reserved 819200K
  class space    used 46013K, committed 47104K, reserved 425984K
}
Event: 3841.287 GC heap after
{Heap after GC invocations=207 (full 16):
 PSYoungGen      total 1970688K, used 60980K [0x0000000780000000, 0x00000007ffe00000, 0x0000000800000000)
  eden space 1849344K, 0% used [0x0000000780000000,0x0000000780000000,0x00000007f0e00000)
  from space 121344K, 50% used [0x00000007f8700000,0x00000007fc28d328,0x00000007ffd80000)
  to   space 122880K, 0% used [0x00000007f0e00000,0x00000007f0e00000,0x00000007f8600000)
 ParOldGen       total 2827776K, used 2661126K [0x0000000680000000, 0x000000072c980000, 0x0000000780000000)
  object space 2827776K, 94% used [0x0000000680000000,0x00000007226c1a98,0x000000072c980000)
 Metaspace       used 377900K, committed 380224K, reserved 819200K
  class space    used 46013K, committed 47104K, reserved 425984K
}
Event: 3843.653 GC heap before
{Heap before GC invocations=208 (full 16):
 PSYoungGen      total 1970688K, used 1910324K [0x0000000780000000, 0x00000007ffe00000, 0x0000000800000000)
  eden space 1849344K, 100% used [0x0000000780000000,0x00000007f0e00000,0x00000007f0e00000)
  from space 121344K, 50% used [0x00000007f8700000,0x00000007fc28d328,0x00000007ffd80000)
  to   space 122880K, 0% used [0x00000007f0e00000,0x00000007f0e00000,0x00000007f8600000)
 ParOldGen       total 2827776K, used 2661126K [0x0000000680000000, 0x000000072c980000, 0x0000000780000000)
  object space 2827776K, 94% used [0x0000000680000000,0x00000007226c1a98,0x000000072c980000)
 Metaspace       used 377935K, committed 380224K, reserved 819200K
  class space    used 46013K, committed 47104K, reserved 425984K
}
Event: 3843.817 GC heap after
{Heap after GC invocations=208 (full 16):
 PSYoungGen      total 1972224K, used 63407K [0x0000000780000000, 0x0000000800000000, 0x0000000800000000)
  eden space 1849344K, 0% used [0x0000000780000000,0x0000000780000000,0x00000007f0e00000)
  from space 122880K, 51% used [0x00000007f0e00000,0x00000007f4bebea0,0x00000007f8600000)
  to   space 123904K, 0% used [0x00000007f8700000,0x00000007f8700000,0x0000000800000000)
 ParOldGen       total 2827776K, used 2661126K [0x0000000680000000, 0x000000072c980000, 0x0000000780000000)
  object space 2827776K, 94% used [0x0000000680000000,0x00000007226c1a98,0x000000072c980000)
 Metaspace       used 377935K, committed 380224K, reserved 819200K
  class space    used 46013K, committed 47104K, reserved 425984K
}
Event: 3846.431 GC heap before
{Heap before GC invocations=209 (full 16):
 PSYoungGen      total 1972224K, used 1912751K [0x0000000780000000, 0x0000000800000000, 0x0000000800000000)
  eden space 1849344K, 100% used [0x0000000780000000,0x00000007f0e00000,0x00000007f0e00000)
  from space 122880K, 51% used [0x00000007f0e00000,0x00000007f4bebea0,0x00000007f8600000)
  to   space 123904K, 0% used [0x00000007f8700000,0x00000007f8700000,0x0000000800000000)
 ParOldGen       total 2827776K, used 2661126K [0x0000000680000000, 0x000000072c980000, 0x0000000780000000)
  object space 2827776K, 94% used [0x0000000680000000,0x00000007226c1a98,0x000000072c980000)
 Metaspace       used 377965K, committed 380224K, reserved 819200K
  class space    used 46013K, committed 47104K, reserved 425984K
}
Event: 3846.524 GC heap after
{Heap after GC invocations=209 (full 16):
 PSYoungGen      total 1965056K, used 72637K [0x0000000780000000, 0x0000000800000000, 0x0000000800000000)
  eden space 1841152K, 0% used [0x0000000780000000,0x0000000780000000,0x00000007f0600000)
  from space 123904K, 58% used [0x00000007f8700000,0x00000007fcdef5c0,0x0000000800000000)
  to   space 128000K, 0% used [0x00000007f0600000,0x00000007f0600000,0x00000007f8300000)
 ParOldGen       total 2827776K, used 2661126K [0x0000000680000000, 0x000000072c980000, 0x0000000780000000)
  object space 2827776K, 94% used [0x0000000680000000,0x00000007226c1a98,0x000000072c980000)
 Metaspace       used 377965K, committed 380224K, reserved 819200K
  class space    used 46013K, committed 47104K, reserved 425984K
}
Event: 3849.340 GC heap before
{Heap before GC invocations=210 (full 16):
 PSYoungGen      total 1965056K, used 1913789K [0x0000000780000000, 0x0000000800000000, 0x0000000800000000)
  eden space 1841152K, 100% used [0x0000000780000000,0x00000007f0600000,0x00000007f0600000)
  from space 123904K, 58% used [0x00000007f8700000,0x00000007fcdef5c0,0x0000000800000000)
  to   space 128000K, 0% used [0x00000007f0600000,0x00000007f0600000,0x00000007f8300000)
 ParOldGen       total 2827776K, used 2661126K [0x0000000680000000, 0x000000072c980000, 0x0000000780000000)
  object space 2827776K, 94% used [0x0000000680000000,0x00000007226c1a98,0x000000072c980000)
 Metaspace       used 378284K, committed 380608K, reserved 819200K
  class space    used 46050K, committed 47168K, reserved 425984K
}
Event: 3849.438 GC heap after
{Heap after GC invocations=210 (full 16):
 PSYoungGen      total 1929728K, used 88460K [0x0000000780000000, 0x0000000800000000, 0x0000000800000000)
  eden space 1841152K, 0% used [0x0000000780000000,0x0000000780000000,0x00000007f0600000)
  from space 88576K, 99% used [0x00000007f0600000,0x00000007f5c63328,0x00000007f5c80000)
  to   space 136192K, 0% used [0x00000007f7b00000,0x00000007f7b00000,0x0000000800000000)
 ParOldGen       total 2827776K, used 2661126K [0x0000000680000000, 0x000000072c980000, 0x0000000780000000)
  object space 2827776K, 94% used [0x0000000680000000,0x00000007226c1a98,0x000000072c980000)
 Metaspace       used 378284K, committed 380608K, reserved 819200K
  class space    used 46050K, committed 47168K, reserved 425984K
}
Event: 3856.016 GC heap before
{Heap before GC invocations=211 (full 16):
 PSYoungGen      total 1929728K, used 1929612K [0x0000000780000000, 0x0000000800000000, 0x0000000800000000)
  eden space 1841152K, 100% used [0x0000000780000000,0x00000007f0600000,0x00000007f0600000)
  from space 88576K, 99% used [0x00000007f0600000,0x00000007f5c63328,0x00000007f5c80000)
  to   space 136192K, 0% used [0x00000007f7b00000,0x00000007f7b00000,0x0000000800000000)
 ParOldGen       total 2827776K, used 2661126K [0x0000000680000000, 0x000000072c980000, 0x0000000780000000)
  object space 2827776K, 94% used [0x0000000680000000,0x00000007226c1a98,0x000000072c980000)
 Metaspace       used 378449K, committed 380736K, reserved 819200K
  class space    used 46070K, committed 47168K, reserved 425984K
}
Event: 3856.184 GC heap after
{Heap after GC invocations=211 (full 16):
 PSYoungGen      total 1901568K, used 136190K [0x0000000780000000, 0x0000000800000000, 0x0000000800000000)
  eden space 1765376K, 0% used [0x0000000780000000,0x0000000780000000,0x00000007ebc00000)
  from space 136192K, 99% used [0x00000007f7b00000,0x00000007fffffa68,0x0000000800000000)
  to   space 165888K, 0% used [0x00000007ebc00000,0x00000007ebc00000,0x00000007f5e00000)
 ParOldGen       total 2827776K, used 2676654K [0x0000000680000000, 0x000000072c980000, 0x0000000780000000)
  object space 2827776K, 94% used [0x0000000680000000,0x00000007235eba98,0x000000072c980000)
 Metaspace       used 378449K, committed 380736K, reserved 819200K
  class space    used 46070K, committed 47168K, reserved 425984K
}
Event: 3867.567 GC heap before
{Heap before GC invocations=212 (full 16):
 PSYoungGen      total 1901568K, used 1901566K [0x0000000780000000, 0x0000000800000000, 0x0000000800000000)
  eden space 1765376K, 100% used [0x0000000780000000,0x00000007ebc00000,0x00000007ebc00000)
  from space 136192K, 99% used [0x00000007f7b00000,0x00000007fffffa68,0x0000000800000000)
  to   space 165888K, 0% used [0x00000007ebc00000,0x00000007ebc00000,0x00000007f5e00000)
 ParOldGen       total 2827776K, used 2676654K [0x0000000680000000, 0x000000072c980000, 0x0000000780000000)
  object space 2827776K, 94% used [0x0000000680000000,0x00000007235eba98,0x000000072c980000)
 Metaspace       used 378615K, committed 380928K, reserved 819200K
  class space    used 46073K, committed 47168K, reserved 425984K
}
Event: 3868.135 GC heap after
{Heap after GC invocations=212 (full 16):
 PSYoungGen      total 1931264K, used 165871K [0x0000000780000000, 0x0000000800000000, 0x0000000800000000)
  eden space 1765376K, 0% used [0x0000000780000000,0x0000000780000000,0x00000007ebc00000)
  from space 165888K, 99% used [0x00000007ebc00000,0x00000007f5dfbdb8,0x00000007f5e00000)
  to   space 165888K, 0% used [0x00000007f5e00000,0x00000007f5e00000,0x0000000800000000)
 ParOldGen       total 2827776K, used 2739962K [0x0000000680000000, 0x000000072c980000, 0x0000000780000000)
  object space 2827776K, 96% used [0x0000000680000000,0x00000007273be8a8,0x000000072c980000)
 Metaspace       used 378615K, committed 380928K, reserved 819200K
  class space    used 46073K, committed 47168K, reserved 425984K
}
Event: 3890.258 GC heap before
{Heap before GC invocations=213 (full 16):
 PSYoungGen      total 1931264K, used 1931247K [0x0000000780000000, 0x0000000800000000, 0x0000000800000000)
  eden space 1765376K, 100% used [0x0000000780000000,0x00000007ebc00000,0x00000007ebc00000)
  from space 165888K, 99% used [0x00000007ebc00000,0x00000007f5dfbdb8,0x00000007f5e00000)
  to   space 165888K, 0% used [0x00000007f5e00000,0x00000007f5e00000,0x0000000800000000)
 ParOldGen       total 2827776K, used 2739962K [0x0000000680000000, 0x000000072c980000, 0x0000000780000000)
  object space 2827776K, 96% used [0x0000000680000000,0x00000007273be8a8,0x000000072c980000)
 Metaspace       used 378770K, committed 381056K, reserved 819200K
  class space    used 46073K, committed 47168K, reserved 425984K
}
Event: 3892.050 GC heap after
{Heap after GC invocations=213 (full 16):
 PSYoungGen      total 1722368K, used 165879K [0x0000000780000000, 0x0000000800000000, 0x0000000800000000)
  eden space 1556480K, 0% used [0x0000000780000000,0x0000000780000000,0x00000007df000000)
  from space 165888K, 99% used [0x00000007f5e00000,0x00000007ffffdee0,0x0000000800000000)
  to   space 270336K, 0% used [0x00000007df000000,0x00000007df000000,0x00000007ef800000)
 ParOldGen       total 2827776K, used 2827140K [0x0000000680000000, 0x000000072c980000, 0x0000000780000000)
  object space 2827776K, 99% used [0x0000000680000000,0x000000072c8e13c8,0x000000072c980000)
 Metaspace       used 378770K, committed 381056K, reserved 819200K
  class space    used 46073K, committed 47168K, reserved 425984K
}
Event: 3892.050 GC heap before
{Heap before GC invocations=214 (full 17):
 PSYoungGen      total 1722368K, used 165879K [0x0000000780000000, 0x0000000800000000, 0x0000000800000000)
  eden space 1556480K, 0% used [0x0000000780000000,0x0000000780000000,0x00000007df000000)
  from space 165888K, 99% used [0x00000007f5e00000,0x00000007ffffdee0,0x0000000800000000)
  to   space 270336K, 0% used [0x00000007df000000,0x00000007df000000,0x00000007ef800000)
 ParOldGen       total 2827776K, used 2827140K [0x0000000680000000, 0x000000072c980000, 0x0000000780000000)
  object space 2827776K, 99% used [0x0000000680000000,0x000000072c8e13c8,0x000000072c980000)
 Metaspace       used 378770K, committed 381056K, reserved 819200K
  class space    used 46073K, committed 47168K, reserved 425984K
}
Event: 3946.074 GC heap after
{Heap after GC invocations=214 (full 17):
 PSYoungGen      total 1826816K, used 0K [0x0000000780000000, 0x0000000800000000, 0x0000000800000000)
  eden space 1556480K, 0% used [0x0000000780000000,0x0000000780000000,0x00000007df000000)
  from space 270336K, 0% used [0x00000007df000000,0x00000007df000000,0x00000007ef800000)
  to   space 270336K, 0% used [0x00000007ef800000,0x00000007ef800000,0x0000000800000000)
 ParOldGen       total 3200000K, used 2566486K [0x0000000680000000, 0x0000000743500000, 0x0000000780000000)
  object space 3200000K, 80% used [0x0000000680000000,0x000000071ca55a48,0x0000000743500000)
 Metaspace       used 378747K, committed 381056K, reserved 819200K
  class space    used 46067K, committed 47168K, reserved 425984K
}

