# JRE version: Java(TM) SE Runtime Environment (17.0.11+7) (build 17.0.11+7-LTS-207)
# Java VM: Java HotSpot(TM) 64-Bit Server VM (17.0.11+7-LTS-207, mixed mode, sharing, tiered, compressed oops, compressed class ptrs, parallel gc, windows-amd64)
GC Precious Log:
 CPUs: 8 total, 8 available
 Memory: 7785M
 Large Page Support: Disabled
 NUMA Support: Disabled
 Compressed Oops: Enabled (Zero based)
 Alignments: Space 512K, Generation 512K, Heap 2M
 Heap Min Capacity: 256M
 Heap Initial Capacity: 256M
 Heap Max Capacity: 6G
 Pre-touch: Disabled
 Parallel Workers: 8
Heap:
 PSYoungGen      total 1076736K, used 216421K [0x0000000780000000, 0x00000007eeb00000, 0x0000000800000000)
  eden space 377856K, 55% used [0x0000000780000000,0x000000078ce51568,0x0000000797100000)
  from space 698880K, 0% used [0x0000000797100000,0x0000000797608010,0x00000007c1b80000)
  to   space 697856K, 0% used [0x00000007c4180000,0x00000007c4180000,0x00000007eeb00000)
 ParOldGen       total 1516032K, used 1298307K [0x0000000680000000, 0x00000006dc880000, 0x0000000780000000)
  object space 1516032K, 85% used [0x0000000680000000,0x00000006cf3e0ec8,0x00000006dc880000)
 Metaspace       used 296347K, committed 298176K, reserved 753664K
  class space    used 35820K, committed 36672K, reserved 425984K
GC Heap History (20 events):
Event: 1000.118 GC heap before
{Heap before GC invocations=139 (full 8):
 PSYoungGen      total 888320K, used 801379K [0x0000000780000000, 0x00000007e5080000, 0x0000000800000000)
  eden space 223744K, 100% used [0x0000000780000000,0x000000078da80000,0x000000078da80000)
  from space 664576K, 86% used [0x00000007b8500000,0x00000007db918fd0,0x00000007e0e00000)
  to   space 698880K, 0% used [0x000000078da80000,0x000000078da80000,0x00000007b8500000)
 ParOldGen       total 884224K, used 819565K [0x0000000680000000, 0x00000006b5f80000, 0x0000000780000000)
  object space 884224K, 92% used [0x0000000680000000,0x00000006b205b4d0,0x00000006b5f80000)
 Metaspace       used 300525K, committed 302400K, reserved 753664K
  class space    used 36198K, committed 37056K, reserved 425984K
}
Event: 1000.853 GC heap after
{Heap after GC invocations=139 (full 8):
 PSYoungGen      total 922624K, used 588926K [0x0000000780000000, 0x00000007e5200000, 0x0000000800000000)
  eden space 223744K, 0% used [0x0000000780000000,0x0000000780000000,0x000000078da80000)
  from space 698880K, 84% used [0x000000078da80000,0x00000007b199f9a8,0x00000007b8500000)
  to   space 698880K, 0% used [0x00000007ba780000,0x00000007ba780000,0x00000007e5200000)
 ParOldGen       total 884224K, used 871514K [0x0000000680000000, 0x00000006b5f80000, 0x0000000780000000)
  object space 884224K, 98% used [0x0000000680000000,0x00000006b5316ad0,0x00000006b5f80000)
 Metaspace       used 300525K, committed 302400K, reserved 753664K
  class space    used 36198K, committed 37056K, reserved 425984K
}
Event: 1000.853 GC heap before
{Heap before GC invocations=140 (full 9):
 PSYoungGen      total 922624K, used 588926K [0x0000000780000000, 0x00000007e5200000, 0x0000000800000000)
  eden space 223744K, 0% used [0x0000000780000000,0x0000000780000000,0x000000078da80000)
  from space 698880K, 84% used [0x000000078da80000,0x00000007b199f9a8,0x00000007b8500000)
  to   space 698880K, 0% used [0x00000007ba780000,0x00000007ba780000,0x00000007e5200000)
 ParOldGen       total 884224K, used 871514K [0x0000000680000000, 0x00000006b5f80000, 0x0000000780000000)
  object space 884224K, 98% used [0x0000000680000000,0x00000006b5316ad0,0x00000006b5f80000)
 Metaspace       used 300525K, committed 302400K, reserved 753664K
  class space    used 36198K, committed 37056K, reserved 425984K
}
Event: 1011.416 GC heap after
{Heap after GC invocations=140 (full 9):
 PSYoungGen      total 922624K, used 319525K [0x0000000780000000, 0x00000007e5380000, 0x0000000800000000)
  eden space 223744K, 0% used [0x0000000780000000,0x0000000780000000,0x000000078da80000)
  from space 698880K, 45% used [0x000000078da80000,0x00000007a12897c8,0x00000007b8500000)
  to   space 698880K, 0% used [0x00000007ba900000,0x00000007ba900000,0x00000007e5380000)
 ParOldGen       total 1162240K, used 883913K [0x0000000680000000, 0x00000006c6f00000, 0x0000000780000000)
  object space 1162240K, 76% used [0x0000000680000000,0x00000006b5f327d8,0x00000006c6f00000)
 Metaspace       used 289192K, committed 294720K, reserved 753664K
  class space    used 35006K, committed 36608K, reserved 425984K
}
Event: 1016.854 GC heap before
{Heap before GC invocations=141 (full 9):
 PSYoungGen      total 922624K, used 543269K [0x0000000780000000, 0x00000007e5380000, 0x0000000800000000)
  eden space 223744K, 100% used [0x0000000780000000,0x000000078da80000,0x000000078da80000)
  from space 698880K, 45% used [0x000000078da80000,0x00000007a12897c8,0x00000007b8500000)
  to   space 698880K, 0% used [0x00000007ba900000,0x00000007ba900000,0x00000007e5380000)
 ParOldGen       total 1162240K, used 883913K [0x0000000680000000, 0x00000006c6f00000, 0x0000000780000000)
  object space 1162240K, 76% used [0x0000000680000000,0x00000006b5f327d8,0x00000006c6f00000)
 Metaspace       used 290749K, committed 294720K, reserved 753664K
  class space    used 35272K, committed 36608K, reserved 425984K
}
Event: 1017.966 GC heap after
{Heap after GC invocations=141 (full 9):
 PSYoungGen      total 957440K, used 367136K [0x0000000780000000, 0x00000007e5280000, 0x0000000800000000)
  eden space 259584K, 0% used [0x0000000780000000,0x0000000780000000,0x000000078fd80000)
  from space 697856K, 52% used [0x00000007ba900000,0x00000007d0f881b0,0x00000007e5280000)
  to   space 698880K, 0% used [0x000000078fd80000,0x000000078fd80000,0x00000007ba800000)
 ParOldGen       total 1162240K, used 901737K [0x0000000680000000, 0x00000006c6f00000, 0x0000000780000000)
  object space 1162240K, 77% used [0x0000000680000000,0x00000006b709a620,0x00000006c6f00000)
 Metaspace       used 290749K, committed 294720K, reserved 753664K
  class space    used 35272K, committed 36608K, reserved 425984K
}
Event: 1022.126 GC heap before
{Heap before GC invocations=142 (full 9):
 PSYoungGen      total 957440K, used 626720K [0x0000000780000000, 0x00000007e5280000, 0x0000000800000000)
  eden space 259584K, 100% used [0x0000000780000000,0x000000078fd80000,0x000000078fd80000)
  from space 697856K, 52% used [0x00000007ba900000,0x00000007d0f881b0,0x00000007e5280000)
  to   space 698880K, 0% used [0x000000078fd80000,0x000000078fd80000,0x00000007ba800000)
 ParOldGen       total 1162240K, used 901737K [0x0000000680000000, 0x00000006c6f00000, 0x0000000780000000)
  object space 1162240K, 77% used [0x0000000680000000,0x00000006b709a620,0x00000006c6f00000)
 Metaspace       used 295571K, committed 297408K, reserved 753664K
  class space    used 35792K, committed 36672K, reserved 425984K
}
Event: 1022.382 GC heap after
{Heap after GC invocations=142 (full 9):
 PSYoungGen      total 958464K, used 291382K [0x0000000780000000, 0x00000007e7a00000, 0x0000000800000000)
  eden space 259584K, 0% used [0x0000000780000000,0x0000000780000000,0x000000078fd80000)
  from space 698880K, 41% used [0x000000078fd80000,0x00000007a1a0da28,0x00000007ba800000)
  to   space 698880K, 0% used [0x00000007bcf80000,0x00000007bcf80000,0x00000007e7a00000)
 ParOldGen       total 1162240K, used 1005874K [0x0000000680000000, 0x00000006c6f00000, 0x0000000780000000)
  object space 1162240K, 86% used [0x0000000680000000,0x00000006bd64cb58,0x00000006c6f00000)
 Metaspace       used 295571K, committed 297408K, reserved 753664K
  class space    used 35792K, committed 36672K, reserved 425984K
}
Event: 1023.259 GC heap before
{Heap before GC invocations=143 (full 9):
 PSYoungGen      total 958464K, used 550966K [0x0000000780000000, 0x00000007e7a00000, 0x0000000800000000)
  eden space 259584K, 100% used [0x0000000780000000,0x000000078fd80000,0x000000078fd80000)
  from space 698880K, 41% used [0x000000078fd80000,0x00000007a1a0da28,0x00000007ba800000)
  to   space 698880K, 0% used [0x00000007bcf80000,0x00000007bcf80000,0x00000007e7a00000)
 ParOldGen       total 1162240K, used 1005874K [0x0000000680000000, 0x00000006c6f00000, 0x0000000780000000)
  object space 1162240K, 86% used [0x0000000680000000,0x00000006bd64cb58,0x00000006c6f00000)
 Metaspace       used 295721K, committed 297536K, reserved 753664K
  class space    used 35792K, committed 36672K, reserved 425984K
}
Event: 1023.582 GC heap after
{Heap after GC invocations=143 (full 9):
 PSYoungGen      total 998912K, used 213514K [0x0000000780000000, 0x00000007e7c80000, 0x0000000800000000)
  eden space 300032K, 0% used [0x0000000780000000,0x0000000780000000,0x0000000792500000)
  from space 698880K, 30% used [0x00000007bcf80000,0x00000007ca002b88,0x00000007e7a00000)
  to   space 698880K, 0% used [0x0000000792500000,0x0000000792500000,0x00000007bcf80000)
 ParOldGen       total 1162240K, used 1088680K [0x0000000680000000, 0x00000006c6f00000, 0x0000000780000000)
  object space 1162240K, 93% used [0x0000000680000000,0x00000006c272a218,0x00000006c6f00000)
 Metaspace       used 295721K, committed 297536K, reserved 753664K
  class space    used 35792K, committed 36672K, reserved 425984K
}
Event: 1023.595 GC heap before
{Heap before GC invocations=144 (full 10):
 PSYoungGen      total 998912K, used 213514K [0x0000000780000000, 0x00000007e7c80000, 0x0000000800000000)
  eden space 300032K, 0% used [0x0000000780000000,0x0000000780000000,0x0000000792500000)
  from space 698880K, 30% used [0x00000007bcf80000,0x00000007ca002b88,0x00000007e7a00000)
  to   space 698880K, 0% used [0x0000000792500000,0x0000000792500000,0x00000007bcf80000)
 ParOldGen       total 1162240K, used 1088680K [0x0000000680000000, 0x00000006c6f00000, 0x0000000780000000)
  object space 1162240K, 93% used [0x0000000680000000,0x00000006c272a218,0x00000006c6f00000)
 Metaspace       used 295721K, committed 297536K, reserved 753664K
  class space    used 35792K, committed 36672K, reserved 425984K
}
Event: 1027.004 GC heap after
{Heap after GC invocations=144 (full 10):
 PSYoungGen      total 998912K, used 126909K [0x0000000780000000, 0x00000007ea100000, 0x0000000800000000)
  eden space 300032K, 0% used [0x0000000780000000,0x0000000780000000,0x0000000792500000)
  from space 698880K, 18% used [0x00000007bcf80000,0x00000007c4b6f450,0x00000007e7a00000)
  to   space 698880K, 0% used [0x0000000792500000,0x0000000792500000,0x00000007bcf80000)
 ParOldGen       total 1516032K, used 1161824K [0x0000000680000000, 0x00000006dc880000, 0x0000000780000000)
  object space 1516032K, 76% used [0x0000000680000000,0x00000006c6e98388,0x00000006dc880000)
 Metaspace       used 295721K, committed 297536K, reserved 753664K
  class space    used 35792K, committed 36672K, reserved 425984K
}
Event: 1027.712 GC heap before
{Heap before GC invocations=145 (full 10):
 PSYoungGen      total 998912K, used 426941K [0x0000000780000000, 0x00000007ea100000, 0x0000000800000000)
  eden space 300032K, 100% used [0x0000000780000000,0x0000000792500000,0x0000000792500000)
  from space 698880K, 18% used [0x00000007bcf80000,0x00000007c4b6f450,0x00000007e7a00000)
  to   space 698880K, 0% used [0x0000000792500000,0x0000000792500000,0x00000007bcf80000)
 ParOldGen       total 1516032K, used 1161824K [0x0000000680000000, 0x00000006dc880000, 0x0000000780000000)
  object space 1516032K, 76% used [0x0000000680000000,0x00000006c6e98388,0x00000006dc880000)
 Metaspace       used 295773K, committed 297600K, reserved 753664K
  class space    used 35793K, committed 36672K, reserved 425984K
}
Event: 1028.128 GC heap after
{Heap after GC invocations=145 (full 10):
 PSYoungGen      total 998912K, used 73818K [0x0000000780000000, 0x00000007ea000000, 0x0000000800000000)
  eden space 300032K, 0% used [0x0000000780000000,0x0000000780000000,0x0000000792500000)
  from space 698880K, 10% used [0x0000000792500000,0x0000000796d16908,0x00000007bcf80000)
  to   space 698880K, 0% used [0x00000007bf580000,0x00000007bf580000,0x00000007ea000000)
 ParOldGen       total 1516032K, used 1218766K [0x0000000680000000, 0x00000006dc880000, 0x0000000780000000)
  object space 1516032K, 80% used [0x0000000680000000,0x00000006ca633990,0x00000006dc880000)
 Metaspace       used 295773K, committed 297600K, reserved 753664K
  class space    used 35793K, committed 36672K, reserved 425984K
}
Event: 1028.867 GC heap before
{Heap before GC invocations=146 (full 10):
 PSYoungGen      total 998912K, used 373850K [0x0000000780000000, 0x00000007ea000000, 0x0000000800000000)
  eden space 300032K, 100% used [0x0000000780000000,0x0000000792500000,0x0000000792500000)
  from space 698880K, 10% used [0x0000000792500000,0x0000000796d16908,0x00000007bcf80000)
  to   space 698880K, 0% used [0x00000007bf580000,0x00000007bf580000,0x00000007ea000000)
 ParOldGen       total 1516032K, used 1218766K [0x0000000680000000, 0x00000006dc880000, 0x0000000780000000)
  object space 1516032K, 80% used [0x0000000680000000,0x00000006ca633990,0x00000006dc880000)
 Metaspace       used 295831K, committed 297664K, reserved 753664K
  class space    used 35793K, committed 36672K, reserved 425984K
}
Event: 1028.958 GC heap after
{Heap after GC invocations=146 (full 10):
 PSYoungGen      total 1036800K, used 25956K [0x0000000780000000, 0x00000007e9f80000, 0x0000000800000000)
  eden space 338432K, 0% used [0x0000000780000000,0x0000000780000000,0x0000000794a80000)
  from space 698368K, 3% used [0x00000007bf580000,0x00000007c0ed9190,0x00000007e9f80000)
  to   space 698880K, 0% used [0x0000000794a80000,0x0000000794a80000,0x00000007bf500000)
 ParOldGen       total 1516032K, used 1268890K [0x0000000680000000, 0x00000006dc880000, 0x0000000780000000)
  object space 1516032K, 83% used [0x0000000680000000,0x00000006cd726b48,0x00000006dc880000)
 Metaspace       used 295831K, committed 297664K, reserved 753664K
  class space    used 35793K, committed 36672K, reserved 425984K
}
Event: 1029.411 GC heap before
{Heap before GC invocations=147 (full 10):
 PSYoungGen      total 1036800K, used 364388K [0x0000000780000000, 0x00000007e9f80000, 0x0000000800000000)
  eden space 338432K, 100% used [0x0000000780000000,0x0000000794a80000,0x0000000794a80000)
  from space 698368K, 3% used [0x00000007bf580000,0x00000007c0ed9190,0x00000007e9f80000)
  to   space 698880K, 0% used [0x0000000794a80000,0x0000000794a80000,0x00000007bf500000)
 ParOldGen       total 1516032K, used 1268890K [0x0000000680000000, 0x00000006dc880000, 0x0000000780000000)
  object space 1516032K, 83% used [0x0000000680000000,0x00000006cd726b48,0x00000006dc880000)
 Metaspace       used 295968K, committed 297792K, reserved 753664K
  class space    used 35796K, committed 36672K, reserved 425984K
}
Event: 1029.458 GC heap after
{Heap after GC invocations=147 (full 10):
 PSYoungGen      total 1037312K, used 5072K [0x0000000780000000, 0x00000007ec880000, 0x0000000800000000)
  eden space 338432K, 0% used [0x0000000780000000,0x0000000780000000,0x0000000794a80000)
  from space 698880K, 0% used [0x0000000794a80000,0x0000000794f74020,0x00000007bf500000)
  to   space 698880K, 0% used [0x00000007c1e00000,0x00000007c1e00000,0x00000007ec880000)
 ParOldGen       total 1516032K, used 1290589K [0x0000000680000000, 0x00000006dc880000, 0x0000000780000000)
  object space 1516032K, 85% used [0x0000000680000000,0x00000006cec57778,0x00000006dc880000)
 Metaspace       used 295968K, committed 297792K, reserved 753664K
  class space    used 35796K, committed 36672K, reserved 425984K
}
Event: 1030.087 GC heap before
{Heap before GC invocations=148 (full 10):
 PSYoungGen      total 1037312K, used 343504K [0x0000000780000000, 0x00000007ec880000, 0x0000000800000000)
  eden space 338432K, 100% used [0x0000000780000000,0x0000000794a80000,0x0000000794a80000)
  from space 698880K, 0% used [0x0000000794a80000,0x0000000794f74020,0x00000007bf500000)
  to   space 698880K, 0% used [0x00000007c1e00000,0x00000007c1e00000,0x00000007ec880000)
 ParOldGen       total 1516032K, used 1290589K [0x0000000680000000, 0x00000006dc880000, 0x0000000780000000)
  object space 1516032K, 85% used [0x0000000680000000,0x00000006cec57778,0x00000006dc880000)
 Metaspace       used 296043K, committed 297856K, reserved 753664K
  class space    used 35797K, committed 36672K, reserved 425984K
}
Event: 1030.116 GC heap after
{Heap after GC invocations=148 (full 10):
 PSYoungGen      total 1074176K, used 3532K [0x0000000780000000, 0x00000007ec600000, 0x0000000800000000)
  eden space 377856K, 0% used [0x0000000780000000,0x0000000780000000,0x0000000797100000)
  from space 696320K, 0% used [0x00000007c1e00000,0x00000007c2173068,0x00000007ec600000)
  to   space 698880K, 0% used [0x0000000797100000,0x0000000797100000,0x00000007c1b80000)
 ParOldGen       total 1516032K, used 1294932K [0x0000000680000000, 0x00000006dc880000, 0x0000000780000000)
  object space 1516032K, 85% used [0x0000000680000000,0x00000006cf095028,0x00000006dc880000)
 Metaspace       used 296043K, committed 297856K, reserved 753664K
  class space    used 35797K, committed 36672K, reserved 425984K
}

